#
# There is insufficient memory for the Java Runtime Environment to continue.
# Native memory allocation (malloc) failed to allocate 780416 bytes for Chunk::new
# Possible reasons:
#   The system is out of physical RAM or swap space
#   In 32 bit mode, the process size limit was hit
# Possible solutions:
#   Reduce memory load on the system
#   Increase physical memory or swap space
#   Check if swap backing store is full
#   Use 64 bit Java on a 64 bit OS
#   Decrease Java heap size (-Xmx/-Xms)
#   Decrease number of Java threads
#   Decrease Java thread stack sizes (-Xss)
#   Set larger code cache with -XX:ReservedCodeCacheSize=
# This output file may be truncated or incomplete.
#
#  Out of Memory Error (allocation.cpp:390), pid=3732, tid=0x0000000000002394
#
# JRE version: Java(TM) SE Runtime Environment (8.0_144-b01) (build 1.8.0_144-b01)
# Java VM: Java HotSpot(TM) 64-Bit Server VM (25.144-b01 mixed mode windows-amd64 compressed oops)
# Failed to write core dump. Minidumps are not enabled by default on client versions of Windows
#

---------------  T H R E A D  ---------------

Current thread (0x0000000018f77000):  JavaThread "C2 CompilerThread1" daemon [_thread_in_native, id=9108, stack(0x0000000019220000,0x0000000019320000)]

Stack: [0x0000000019220000,0x0000000019320000]
[error occurred during error reporting (printing stack bounds), id 0xc0000005]

Native frames: (J=compiled Java code, j=interpreted, Vv=VM code, C=native code)


Current CompileTask:
C2:   7721 2943   !   4       org.springframework.core.annotation.AnnotationUtils::findAnnotation (205 bytes)


---------------  P R O C E S S  ---------------

Java Threads: ( => current thread )
  0x000000001900b000 JavaThread "Service Thread" daemon [_thread_blocked, id=7028, stack(0x0000000019420000,0x0000000019520000)]
  0x0000000018f78000 JavaThread "C1 CompilerThread2" daemon [_thread_in_native, id=3332, stack(0x0000000019320000,0x0000000019420000)]
=>0x0000000018f77000 JavaThread "C2 CompilerThread1" daemon [_thread_in_native, id=9108, stack(0x0000000019220000,0x0000000019320000)]
  0x0000000018f76800 JavaThread "C2 CompilerThread0" daemon [_thread_in_native, id=1324, stack(0x0000000019120000,0x0000000019220000)]
  0x0000000018f15000 JavaThread "Monitor Ctrl-Break" daemon [_thread_in_native, id=4744, stack(0x0000000019020000,0x0000000019120000)]
  0x00000000175de800 JavaThread "Attach Listener" daemon [_thread_blocked, id=3936, stack(0x0000000018b20000,0x0000000018c20000)]
  0x00000000175d6800 JavaThread "Signal Dispatcher" daemon [_thread_blocked, id=7496, stack(0x0000000018a20000,0x0000000018b20000)]
  0x00000000175ba800 JavaThread "Finalizer" daemon [_thread_blocked, id=7008, stack(0x0000000018820000,0x0000000018920000)]
  0x0000000017599000 JavaThread "Reference Handler" daemon [_thread_blocked, id=2600, stack(0x0000000018720000,0x0000000018820000)]
  0x0000000004f05800 JavaThread "main" [_thread_in_Java, id=4756, stack(0x0000000004d00000,0x0000000004e00000)]

Other Threads:
  0x0000000017598000 VMThread [stack: 0x0000000018620000,0x0000000018720000] [id=9268]
  0x000000001901e000 WatcherThread [stack: 0x0000000019d20000,0x0000000019e20000] [id=6884]

VM state:not at safepoint (normal execution)

VM Mutex/Monitor currently owned by a thread: None

Heap:
 PSYoungGen      total 134144K, used 15031K [0x00000000eb400000, 0x00000000f4580000, 0x0000000100000000)
  eden space 127488K, 6% used [0x00000000eb400000,0x00000000ebc34790,0x00000000f3080000)
  from space 6656K, 99% used [0x00000000f3080000,0x00000000f36f9600,0x00000000f3700000)
  to   space 8704K, 0% used [0x00000000f3d00000,0x00000000f3d00000,0x00000000f4580000)
 ParOldGen       total 32768K, used 8190K [0x00000000c1c00000, 0x00000000c3c00000, 0x00000000eb400000)
  object space 32768K, 24% used [0x00000000c1c00000,0x00000000c23ff8e8,0x00000000c3c00000)
 Metaspace       used 27424K, capacity 27728K, committed 27904K, reserved 1073152K
  class space    used 3402K, capacity 3491K, committed 3584K, reserved 1048576K

Card table byte_map: [0x00000000143c0000,0x00000000145c0000] byte_map_base: 0x0000000013db2000

Marking Bits: (ParMarkBitMap*) 0x000000005171d850
 Begin Bits: [0x0000000014b10000, 0x0000000015aa0000)
 End Bits:   [0x0000000015aa0000, 0x0000000016a30000)

Polling page: 0x00000000032b0000

CodeCache: size=245760Kb used=11345Kb max_used=11345Kb free=234414Kb
 bounds [0x0000000005000000, 0x0000000005b20000, 0x0000000014000000]
 total_blobs=3347 nmethods=2973 adapters=286
 compilation: enabled

Compilation events (10 events):
Event: 7.693 Thread 0x0000000018f78000 2983   !   3       org.springframework.core.$Proxy0::getRawType (29 bytes)
Event: 7.693 Thread 0x0000000018f78000 nmethod 2983 0x0000000005b0d4d0 code [0x0000000005b0d660, 0x0000000005b0dab8]
Event: 7.694 Thread 0x0000000018f78000 2984   !   3       org.springframework.beans.CachedIntrospectionResults::buildGenericTypeAwarePropertyDescriptor (62 bytes)
Event: 7.695 Thread 0x0000000018f78000 nmethod 2984 0x0000000005b13550 code [0x0000000005b137a0, 0x0000000005b14618]
Event: 7.695 Thread 0x0000000018f78000 2985   !   3       org.springframework.util.ClassUtils::getMethodIfAvailable (121 bytes)
Event: 7.697 Thread 0x0000000018f78000 nmethod 2985 0x0000000005b14cd0 code [0x0000000005b14fc0, 0x0000000005b16408]
Event: 7.699 Thread 0x0000000018f78000 2986       3       java.beans.PropertyDescriptor::<init> (63 bytes)
Event: 7.700 Thread 0x0000000018f78000 nmethod 2986 0x0000000005b16e90 code [0x0000000005b17080, 0x0000000005b17988]
Event: 7.711 Thread 0x0000000018f78000 2987       3       org.springframework.core.annotation.SynthesizedAnnotationInvocationHandler::invoke (98 bytes)
Event: 7.715 Thread 0x0000000018f76800 2988   !   4       java.util.regex.Pattern::matcher (44 bytes)

GC Heap History (10 events):
Event: 3.287 GC heap before
{Heap before GC invocations=6 (full 0):
 PSYoungGen      total 35328K, used 35312K [0x00000000eb400000, 0x00000000f0100000, 0x0000000100000000)
  eden space 32768K, 100% used [0x00000000eb400000,0x00000000ed400000,0x00000000ed400000)
  from space 2560K, 99% used [0x00000000ed400000,0x00000000ed67c010,0x00000000ed680000)
  to   space 6656K, 0% used [0x00000000efa80000,0x00000000efa80000,0x00000000f0100000)
 ParOldGen       total 44032K, used 6986K [0x00000000c1c00000, 0x00000000c4700000, 0x00000000eb400000)
  object space 44032K, 15% used [0x00000000c1c00000,0x00000000c22d28d8,0x00000000c4700000)
 Metaspace       used 20317K, capacity 20570K, committed 20736K, reserved 1067008K
  class space    used 2446K, capacity 2508K, committed 2560K, reserved 1048576K
Event: 3.301 GC heap after
Heap after GC invocations=6 (full 0):
 PSYoungGen      total 71168K, used 6317K [0x00000000eb400000, 0x00000000f0300000, 0x0000000100000000)
  eden space 64512K, 0% used [0x00000000eb400000,0x00000000eb400000,0x00000000ef300000)
  from space 6656K, 94% used [0x00000000efa80000,0x00000000f00ab7b8,0x00000000f0100000)
  to   space 7680K, 0% used [0x00000000ef300000,0x00000000ef300000,0x00000000efa80000)
 ParOldGen       total 44032K, used 6994K [0x00000000c1c00000, 0x00000000c4700000, 0x00000000eb400000)
  object space 44032K, 15% used [0x00000000c1c00000,0x00000000c22d48d8,0x00000000c4700000)
 Metaspace       used 20317K, capacity 20570K, committed 20736K, reserved 1067008K
  class space    used 2446K, capacity 2508K, committed 2560K, reserved 1048576K
}
Event: 3.391 GC heap before
{Heap before GC invocations=7 (full 0):
 PSYoungGen      total 71168K, used 13696K [0x00000000eb400000, 0x00000000f0300000, 0x0000000100000000)
  eden space 64512K, 11% used [0x00000000eb400000,0x00000000ebb34ba0,0x00000000ef300000)
  from space 6656K, 94% used [0x00000000efa80000,0x00000000f00ab7b8,0x00000000f0100000)
  to   space 7680K, 0% used [0x00000000ef300000,0x00000000ef300000,0x00000000efa80000)
 ParOldGen       total 44032K, used 6994K [0x00000000c1c00000, 0x00000000c4700000, 0x00000000eb400000)
  object space 44032K, 15% used [0x00000000c1c00000,0x00000000c22d48d8,0x00000000c4700000)
 Metaspace       used 20951K, capacity 21192K, committed 21296K, reserved 1069056K
  class space    used 2531K, capacity 2635K, committed 2688K, reserved 1048576K
Event: 3.402 GC heap after
Heap after GC invocations=7 (full 0):
 PSYoungGen      total 72192K, used 3967K [0x00000000eb400000, 0x00000000f4000000, 0x0000000100000000)
  eden space 64512K, 0% used [0x00000000eb400000,0x00000000eb400000,0x00000000ef300000)
  from space 7680K, 51% used [0x00000000ef300000,0x00000000ef6dfd78,0x00000000efa80000)
  to   space 7168K, 0% used [0x00000000f3900000,0x00000000f3900000,0x00000000f4000000)
 ParOldGen       total 44032K, used 8024K [0x00000000c1c00000, 0x00000000c4700000, 0x00000000eb400000)
  object space 44032K, 18% used [0x00000000c1c00000,0x00000000c23d63c8,0x00000000c4700000)
 Metaspace       used 20951K, capacity 21192K, committed 21296K, reserved 1069056K
  class space    used 2531K, capacity 2635K, committed 2688K, reserved 1048576K
}
Event: 3.402 GC heap before
{Heap before GC invocations=8 (full 1):
 PSYoungGen      total 72192K, used 3967K [0x00000000eb400000, 0x00000000f4000000, 0x0000000100000000)
  eden space 64512K, 0% used [0x00000000eb400000,0x00000000eb400000,0x00000000ef300000)
  from space 7680K, 51% used [0x00000000ef300000,0x00000000ef6dfd78,0x00000000efa80000)
  to   space 7168K, 0% used [0x00000000f3900000,0x00000000f3900000,0x00000000f4000000)
 ParOldGen       total 44032K, used 8024K [0x00000000c1c00000, 0x00000000c4700000, 0x00000000eb400000)
  object space 44032K, 18% used [0x00000000c1c00000,0x00000000c23d63c8,0x00000000c4700000)
 Metaspace       used 20951K, capacity 21192K, committed 21296K, reserved 1069056K
  class space    used 2531K, capacity 2635K, committed 2688K, reserved 1048576K
Event: 3.490 GC heap after
Heap after GC invocations=8 (full 1):
 PSYoungGen      total 72192K, used 0K [0x00000000eb400000, 0x00000000f4000000, 0x0000000100000000)
  eden space 64512K, 0% used [0x00000000eb400000,0x00000000eb400000,0x00000000ef300000)
  from space 7680K, 0% used [0x00000000ef300000,0x00000000ef300000,0x00000000efa80000)
  to   space 7168K, 0% used [0x00000000f3900000,0x00000000f3900000,0x00000000f4000000)
 ParOldGen       total 32768K, used 6054K [0x00000000c1c00000, 0x00000000c3c00000, 0x00000000eb400000)
  object space 32768K, 18% used [0x00000000c1c00000,0x00000000c21e9b58,0x00000000c3c00000)
 Metaspace       used 20951K, capacity 21192K, committed 21296K, reserved 1069056K
  class space    used 2531K, capacity 2635K, committed 2688K, reserved 1048576K
}
Event: 4.754 GC heap before
{Heap before GC invocations=9 (full 1):
 PSYoungGen      total 72192K, used 64512K [0x00000000eb400000, 0x00000000f4000000, 0x0000000100000000)
  eden space 64512K, 100% used [0x00000000eb400000,0x00000000ef300000,0x00000000ef300000)
  from space 7680K, 0% used [0x00000000ef300000,0x00000000ef300000,0x00000000efa80000)
  to   space 7168K, 0% used [0x00000000f3900000,0x00000000f3900000,0x00000000f4000000)
 ParOldGen       total 32768K, used 6054K [0x00000000c1c00000, 0x00000000c3c00000, 0x00000000eb400000)
  object space 32768K, 18% used [0x00000000c1c00000,0x00000000c21e9b58,0x00000000c3c00000)
 Metaspace       used 22656K, capacity 22966K, committed 23088K, reserved 1069056K
  class space    used 2752K, capacity 2836K, committed 2944K, reserved 1048576K
Event: 4.764 GC heap after
Heap after GC invocations=9 (full 1):
 PSYoungGen      total 105472K, used 4384K [0x00000000eb400000, 0x00000000f3d80000, 0x0000000100000000)
  eden space 100864K, 0% used [0x00000000eb400000,0x00000000eb400000,0x00000000f1680000)
  from space 4608K, 95% used [0x00000000f3900000,0x00000000f3d48028,0x00000000f3d80000)
  to   space 6656K, 0% used [0x00000000f3080000,0x00000000f3080000,0x00000000f3700000)
 ParOldGen       total 32768K, used 6062K [0x00000000c1c00000, 0x00000000c3c00000, 0x00000000eb400000)
  object space 32768K, 18% used [0x00000000c1c00000,0x00000000c21ebb58,0x00000000c3c00000)
 Metaspace       used 22656K, capacity 22966K, committed 23088K, reserved 1069056K
  class space    used 2752K, capacity 2836K, committed 2944K, reserved 1048576K
}
Event: 7.522 GC heap before
{Heap before GC invocations=10 (full 1):
 PSYoungGen      total 105472K, used 105248K [0x00000000eb400000, 0x00000000f3d80000, 0x0000000100000000)
  eden space 100864K, 100% used [0x00000000eb400000,0x00000000f1680000,0x00000000f1680000)
  from space 4608K, 95% used [0x00000000f3900000,0x00000000f3d48028,0x00000000f3d80000)
  to   space 6656K, 0% used [0x00000000f3080000,0x00000000f3080000,0x00000000f3700000)
 ParOldGen       total 32768K, used 6062K [0x00000000c1c00000, 0x00000000c3c00000, 0x00000000eb400000)
  object space 32768K, 18% used [0x00000000c1c00000,0x00000000c21ebb58,0x00000000c3c00000)
 Metaspace       used 27158K, capacity 27504K, committed 27904K, reserved 1073152K
  class space    used 3377K, capacity 3459K, committed 3584K, reserved 1048576K
Event: 7.543 GC heap after
Heap after GC invocations=10 (full 1):
 PSYoungGen      total 134144K, used 6629K [0x00000000eb400000, 0x00000000f4580000, 0x0000000100000000)
  eden space 127488K, 0% used [0x00000000eb400000,0x00000000eb400000,0x00000000f3080000)
  from space 6656K, 99% used [0x00000000f3080000,0x00000000f36f9600,0x00000000f3700000)
  to   space 8704K, 0% used [0x00000000f3d00000,0x00000000f3d00000,0x00000000f4580000)
 ParOldGen       total 32768K, used 8190K [0x00000000c1c00000, 0x00000000c3c00000, 0x00000000eb400000)
  object space 32768K, 24% used [0x00000000c1c00000,0x00000000c23ff8e8,0x00000000c3c00000)
 Metaspace       used 27158K, capacity 27504K, committed 27904K, reserved 1073152K
  class space    used 3377K, capacity 3459K, committed 3584K, reserved 1048576K
}

Deoptimization events (10 events):
Event: 6.770 Thread 0x0000000004f05800 Uncommon trap: reason=class_check action=maybe_recompile pc=0x00000000059bdb2c method=org.springframework.beans.factory.support.AbstractAutowireCapableBeanFactory.predictBeanType(Ljava/lang/String;Lorg/springframework/beans/factory/support/RootBeanDefinit
Event: 6.996 Thread 0x0000000004f05800 Uncommon trap: reason=unstable_if action=reinterpret pc=0x00000000053ac114 method=java.lang.reflect.Method.equals(Ljava/lang/Object;)Z @ 1
Event: 7.027 Thread 0x0000000004f05800 Uncommon trap: reason=unstable_if action=reinterpret pc=0x0000000005977794 method=org.springframework.asm.MethodWriter.visitInsn(I)V @ 99
Event: 7.029 Thread 0x0000000004f05800 Uncommon trap: reason=unstable_if action=reinterpret pc=0x000000000591d1a4 method=org.springframework.asm.Type.getArgumentsAndReturnSizes(Ljava/lang/String;)I @ 88
Event: 7.029 Thread 0x0000000004f05800 Uncommon trap: reason=unstable_if action=reinterpret pc=0x000000000591f340 method=org.springframework.asm.Type.getArgumentTypes(Ljava/lang/String;)[Lorg/springframework/asm/Type; @ 58
Event: 7.031 Thread 0x0000000004f05800 Uncommon trap: reason=unstable_if action=reinterpret pc=0x00000000059919e8 method=org.springframework.asm.Type.getArgumentsAndReturnSizes(Ljava/lang/String;)I @ 88
Event: 7.034 Thread 0x0000000004f05800 Uncommon trap: reason=unstable_if action=reinterpret pc=0x000000000595a180 method=org.springframework.asm.Type.getDescriptor(Ljava/lang/StringBuilder;Ljava/lang/Class;)V @ 127
Event: 7.230 Thread 0x0000000004f05800 Uncommon trap: reason=null_check action=make_not_entrant pc=0x0000000005a87a3c method=org.springframework.util.ClassUtils.isAssignable(Ljava/lang/Class;Ljava/lang/Class;)Z @ 14
Event: 7.246 Thread 0x0000000004f05800 Uncommon trap: reason=bimorphic action=maybe_recompile pc=0x000000000548bea0 method=java.util.HashMap.putVal(ILjava/lang/Object;Ljava/lang/Object;ZZ)Ljava/lang/Object; @ 203
Event: 7.670 Thread 0x0000000004f05800 Uncommon trap: reason=unstable_if action=reinterpret pc=0x000000000577dbdc method=java.io.WinNTFileSystem.isLetter(C)Z @ 3

Internal exceptions (10 events):
Event: 7.642 Thread 0x0000000004f05800 Exception <a 'java/lang/ClassNotFoundException': org/springframework/boot/autoconfigure/web/ServerPropertiesAutoConfiguration$$EnhancerBySpringCGLIB$$61f8c98BeanInfo> (0x00000000eb8e69f0) thrown at [C:\re\workspace\8-2-build-windows-amd64-cygwin\jdk8u144\
Event: 7.642 Thread 0x0000000004f05800 Exception <a 'java/lang/ClassNotFoundException': org/springframework/boot/autoconfigure/web/ServerPropertiesAutoConfigurationBeanInfo> (0x00000000eb9017f0) thrown at [C:\re\workspace\8-2-build-windows-amd64-cygwin\jdk8u144\9417\hotspot\src\share\vm\classf
Event: 7.643 Thread 0x0000000004f05800 Exception <a 'java/lang/ClassNotFoundException': org/springframework/boot/autoconfigure/web/ServerPropertiesAutoConfigurationCustomizer> (0x00000000eb91cab0) thrown at [C:\re\workspace\8-2-build-windows-amd64-cygwin\jdk8u144\9417\hotspot\src\share\vm\clas
Event: 7.644 Thread 0x0000000004f05800 Exception <a 'java/lang/ClassNotFoundException': org/springframework/boot/autoconfigure/web/ServerPropertiesAutoConfiguration$$EnhancerBySpringCGLIB$$61f8c98Customizer> (0x00000000eb942220) thrown at [C:\re\workspace\8-2-build-windows-amd64-cygwin\jdk8u14
Event: 7.645 Thread 0x0000000004f05800 Exception <a 'java/lang/ClassNotFoundException': org/springframework/context/annotation/ConfigurationClassEnhancer$EnhancedConfigurationCustomizer> (0x00000000eb968d40) thrown at [C:\re\workspace\8-2-build-windows-amd64-cygwin\jdk8u144\9417\hotspot\src\sh
Event: 7.688 Thread 0x0000000004f05800 Exception <a 'java/lang/ClassNotFoundException': org/springframework/boot/autoconfigure/web/ServerPropertiesBeanInfo> (0x00000000ebace320) thrown at [C:\re\workspace\8-2-build-windows-amd64-cygwin\jdk8u144\9417\hotspot\src\share\vm\classfile\systemDiction
Event: 7.689 Thread 0x0000000004f05800 Exception <a 'java/lang/ClassNotFoundException': org/springframework/boot/autoconfigure/web/ServerPropertiesCustomizer> (0x00000000ebae56f0) thrown at [C:\re\workspace\8-2-build-windows-amd64-cygwin\jdk8u144\9417\hotspot\src\share\vm\classfile\systemDicti
Event: 7.702 Thread 0x0000000004f05800 Exception <a 'java/lang/ClassNotFoundException': org/springframework/boot/context/embedded/EmbeddedServletContainerCustomizerCustomizer> (0x00000000ebb479e0) thrown at [C:\re\workspace\8-2-build-windows-amd64-cygwin\jdk8u144\9417\hotspot\src\share\vm\clas
Event: 7.703 Thread 0x0000000004f05800 Exception <a 'java/lang/ClassNotFoundException': org/springframework/context/EnvironmentAwareCustomizer> (0x00000000ebb5bd80) thrown at [C:\re\workspace\8-2-build-windows-amd64-cygwin\jdk8u144\9417\hotspot\src\share\vm\classfile\systemDictionary.cpp, line
Event: 7.710 Thread 0x0000000004f05800 Exception <a 'java/lang/ClassNotFoundException': org/springframework/core/OrderedCustomizer> (0x00000000ebb6d318) thrown at [C:\re\workspace\8-2-build-windows-amd64-cygwin\jdk8u144\9417\hotspot\src\share\vm\classfile\systemDictionary.cpp, line 210]

Events (10 events):
Event: 7.703 loading class org/springframework/context/EnvironmentAwareCustomizer
Event: 7.703 loading class org/springframework/context/EnvironmentAwareCustomizer done
Event: 7.703 loading class org/springframework/context/EnvironmentAwareCustomizer
Event: 7.703 loading class org/springframework/context/EnvironmentAwareCustomizer done
Event: 7.707 loading class org/springframework/core/OrderedCustomizer
Event: 7.707 loading class org/springframework/core/OrderedCustomizer done
Event: 7.709 loading class org/springframework/core/OrderedCustomizer
Event: 7.709 loading class org/springframework/core/OrderedCustomizer done
Event: 7.710 loading class org/springframework/core/OrderedCustomizer
Event: 7.710 loading class org/springframework/core/OrderedCustomizer done


Dynamic libraries:
0x00007ff620c90000 - 0x00007ff620cc7000 	C:\Program Files\Java\jdk1.8.0_144\bin\java.exe
0x00007ff9d9650000 - 0x00007ff9d9830000 	C:\WINDOWS\SYSTEM32\ntdll.dll
0x00007ff9d7900000 - 0x00007ff9d79ae000 	C:\WINDOWS\System32\KERNEL32.DLL
0x00007ff9d6340000 - 0x00007ff9d65a6000 	C:\WINDOWS\System32\KERNELBASE.dll
0x00007ff9d7370000 - 0x00007ff9d7411000 	C:\WINDOWS\System32\ADVAPI32.dll
0x00007ff9d7a20000 - 0x00007ff9d7abd000 	C:\WINDOWS\System32\msvcrt.dll
0x00007ff9d7d20000 - 0x00007ff9d7d7b000 	C:\WINDOWS\System32\sechost.dll
0x00007ff9d6f00000 - 0x00007ff9d701f000 	C:\WINDOWS\System32\RPCRT4.dll
0x00007ff9d7040000 - 0x00007ff9d71cf000 	C:\WINDOWS\System32\USER32.dll
0x00007ff9d5a50000 - 0x00007ff9d5a70000 	C:\WINDOWS\System32\win32u.dll
0x00007ff9d78d0000 - 0x00007ff9d78f8000 	C:\WINDOWS\System32\GDI32.dll
0x00007ff9d6920000 - 0x00007ff9d6ab3000 	C:\WINDOWS\System32\gdi32full.dll
0x00007ff9d6880000 - 0x00007ff9d691b000 	C:\WINDOWS\System32\msvcp_win.dll
0x00007ff9d6240000 - 0x00007ff9d6336000 	C:\WINDOWS\System32\ucrtbase.dll
0x00007ff9c09a0000 - 0x00007ff9c0c09000 	C:\WINDOWS\WinSxS\amd64_microsoft.windows.common-controls_6595b64144ccf1df_6.0.16299.192_none_15c8cdae9364c23b\COMCTL32.dll
0x00007ff9d6bf0000 - 0x00007ff9d6ef8000 	C:\WINDOWS\System32\combase.dll
0x00007ff9d61c0000 - 0x00007ff9d6232000 	C:\WINDOWS\System32\bcryptPrimitives.dll
0x00007ff9d95f0000 - 0x00007ff9d961d000 	C:\WINDOWS\System32\IMM32.DLL
0x0000000051d70000 - 0x0000000051e42000 	C:\Program Files\Java\jdk1.8.0_144\jre\bin\msvcr100.dll
0x0000000050f00000 - 0x000000005179d000 	C:\Program Files\Java\jdk1.8.0_144\jre\bin\server\jvm.dll
0x00007ff9d72f0000 - 0x00007ff9d72f8000 	C:\WINDOWS\System32\PSAPI.DLL
0x00007ff9cb2a0000 - 0x00007ff9cb2aa000 	C:\WINDOWS\SYSTEM32\VERSION.dll
0x00007ff9cb940000 - 0x00007ff9cb949000 	C:\WINDOWS\SYSTEM32\WSOCK32.dll
0x00007ff9d7300000 - 0x00007ff9d736c000 	C:\WINDOWS\System32\WS2_32.dll
0x00007ff9cd640000 - 0x00007ff9cd663000 	C:\WINDOWS\SYSTEM32\WINMM.dll
0x00007ff9cd4a0000 - 0x00007ff9cd4ca000 	C:\WINDOWS\SYSTEM32\WINMMBASE.dll
0x00007ff9d65b0000 - 0x00007ff9d65fa000 	C:\WINDOWS\System32\cfgmgr32.dll
0x0000000051d60000 - 0x0000000051d6f000 	C:\Program Files\Java\jdk1.8.0_144\jre\bin\verify.dll
0x0000000051d30000 - 0x0000000051d59000 	C:\Program Files\Java\jdk1.8.0_144\jre\bin\java.dll
0x0000000051d00000 - 0x0000000051d23000 	C:\Program Files\Java\jdk1.8.0_144\jre\bin\instrument.dll
0x0000000051ce0000 - 0x0000000051cf6000 	C:\Program Files\Java\jdk1.8.0_144\jre\bin\zip.dll
0x00007ff9d8150000 - 0x00007ff9d9586000 	C:\WINDOWS\System32\SHELL32.dll
0x00007ff9d7c70000 - 0x00007ff9d7d16000 	C:\WINDOWS\System32\shcore.dll
0x00007ff9d5a70000 - 0x00007ff9d61b7000 	C:\WINDOWS\System32\windows.storage.dll
0x00007ff9d9590000 - 0x00007ff9d95e1000 	C:\WINDOWS\System32\shlwapi.dll
0x00007ff9d5a30000 - 0x00007ff9d5a41000 	C:\WINDOWS\System32\kernel.appcore.dll
0x00007ff9d59e0000 - 0x00007ff9d5a2c000 	C:\WINDOWS\System32\powrprof.dll
0x00007ff9d59a0000 - 0x00007ff9d59bb000 	C:\WINDOWS\System32\profapi.dll
0x00007ff9c7f40000 - 0x00007ff9c7f5a000 	C:\Program Files\JetBrains\IntelliJ IDEA Community Edition 2017.2.3\bin\breakgen64.dll
0x0000000051cc0000 - 0x0000000051cda000 	C:\Program Files\Java\jdk1.8.0_144\jre\bin\net.dll
0x00007ff9d5230000 - 0x00007ff9d5296000 	C:\WINDOWS\system32\mswsock.dll
0x0000000051cb0000 - 0x0000000051cbd000 	C:\Program Files\Java\jdk1.8.0_144\jre\bin\management.dll
0x00007ff9c9e70000 - 0x00007ff9c9e86000 	C:\WINDOWS\system32\napinsp.dll
0x00007ff9c7e20000 - 0x00007ff9c7e3a000 	C:\WINDOWS\system32\pnrpnsp.dll
0x00007ff9d09d0000 - 0x00007ff9d09e8000 	C:\WINDOWS\system32\NLAapi.dll
0x00007ff9d5000000 - 0x00007ff9d50b6000 	C:\WINDOWS\SYSTEM32\DNSAPI.dll
0x00007ff9d7c60000 - 0x00007ff9d7c68000 	C:\WINDOWS\System32\NSI.dll
0x00007ff9d4fc0000 - 0x00007ff9d4ff9000 	C:\WINDOWS\SYSTEM32\IPHLPAPI.DLL
0x00007ff9c9e60000 - 0x00007ff9c9e6e000 	C:\WINDOWS\System32\winrnr.dll
0x00007ff9ce7b0000 - 0x00007ff9ce7ba000 	C:\Windows\System32\rasadhlp.dll
0x00007ff9cf010000 - 0x00007ff9cf080000 	C:\WINDOWS\System32\fwpuclnt.dll
0x00007ff9d5500000 - 0x00007ff9d5525000 	C:\WINDOWS\SYSTEM32\bcrypt.dll
0x0000000051c90000 - 0x0000000051ca1000 	C:\Program Files\Java\jdk1.8.0_144\jre\bin\nio.dll

VM Arguments:
jvm_args: -javaagent:C:\Program Files\JetBrains\IntelliJ IDEA Community Edition 2017.2.3\lib\idea_rt.jar=55834:C:\Program Files\JetBrains\IntelliJ IDEA Community Edition 2017.2.3\bin -Dfile.encoding=UTF-8 
java_command: com.example.demo.DemoApplication
java_class_path (initial): C:\Program Files\Java\jdk1.8.0_144\jre\lib\charsets.jar;C:\Program Files\Java\jdk1.8.0_144\jre\lib\deploy.jar;C:\Program Files\Java\jdk1.8.0_144\jre\lib\ext\access-bridge-64.jar;C:\Program Files\Java\jdk1.8.0_144\jre\lib\ext\cldrdata.jar;C:\Program Files\Java\jdk1.8.0_144\jre\lib\ext\dnsns.jar;C:\Program Files\Java\jdk1.8.0_144\jre\lib\ext\jaccess.jar;C:\Program Files\Java\jdk1.8.0_144\jre\lib\ext\jfxrt.jar;C:\Program Files\Java\jdk1.8.0_144\jre\lib\ext\localedata.jar;C:\Program Files\Java\jdk1.8.0_144\jre\lib\ext\nashorn.jar;C:\Program Files\Java\jdk1.8.0_144\jre\lib\ext\sunec.jar;C:\Program Files\Java\jdk1.8.0_144\jre\lib\ext\sunjce_provider.jar;C:\Program Files\Java\jdk1.8.0_144\jre\lib\ext\sunmscapi.jar;C:\Program Files\Java\jdk1.8.0_144\jre\lib\ext\sunpkcs11.jar;C:\Program Files\Java\jdk1.8.0_144\jre\lib\ext\zipfs.jar;C:\Program Files\Java\jdk1.8.0_144\jre\lib\javaws.jar;C:\Program Files\Java\jdk1.8.0_144\jre\lib\jce.jar;C:\Program Files\Java\jdk1.8.0_144\jre\lib\jfr.jar;C:\Program Files\Java\jdk1.8.0_144\jre\lib\jfxswt.jar;C:\Program Files\Java\jdk1.8.0_144\jre\lib\jsse.jar;C:\Program Files\Java\jdk1.8.0_144\jre\lib\management-agent.jar;C:\Program Files\Java\jdk1.8.0_144\jre\lib\plugin.jar;C:\Program Files\Java\jdk1.8.0_144\jre\lib\resources.jar;C:\Program Files\Java\jdk1.8.0_144\jre\lib\rt.jar;C:\Users\user\Downloads\demo\target\classes;C:\Users\user\.m2\repository\org\springframework\boot\spring-boot-starter-data-jpa\1.5.9.RELEASE\spring-boot-starter-data-jpa-1.5.9.RELEASE.jar;C:\Users\user\.m2\repository\org\springframework\boot\spring-boot-starter\1.5.9.RELEASE\spring-boot-starter-1.5.9.RELEASE.jar;C:\Users\user\.m2\repository\org\springframework\boot\spring-boot\1.5.9.RELEASE\spring-boot-1.5.9.RELEASE.jar;C:\Users\user\.m2\repository\org\springframework\boot\spring-boot-autoconfigure\1.5.9.RELEASE\spring-boot-autoconfigure-1.5.9.RELEASE.jar;C:\Users\user\.m2\repository\org\springframework\boot\spring-boot-starter-logging\1.5.9
Launcher Type: SUN_STANDARD

Environment Variables:
PATH=C:\Python35\Lib\site-packages\PyQt5;C:\ProgramData\Oracle\Java\javapath;C:\Program Files (x86)\Intel\iCLS Client\;C:\Program Files\Intel\iCLS Client\;C:\WINDOWS\system32;C:\WINDOWS;C:\WINDOWS\System32\Wbem;C:\WINDOWS\System32\WindowsPowerShell\v1.0\;C:\Program Files (x86)\Intel\Intel(R) Management Engine Components\DAL;C:\Program Files\Intel\Intel(R) Management Engine Components\DAL;C:\Program Files (x86)\Intel\Intel(R) Management Engine Components\IPT;C:\Program Files\Intel\Intel(R) Management Engine Components\IPT;C:\Program Files\Intel\WiFi\bin\;C:\Program Files\Common Files\Intel\WirelessCommon\;C:\Git\cmd;C:\Users\user\Anaconda3;C:\Users\user\Anaconda3\Library\mingw-w64\bin;C:\Users\user\Anaconda3\Library\usr\bin;C:\Users\user\Anaconda3\Library\bin;C:\Users\user\Anaconda3\Scripts;C:\Users\user\AppData\Local\Programs\Python\Python36-32\Scripts\;C:\Users\user\AppData\Local\Programs\Python\Python36-32\;C:\Users\user\AppData\Local\Microsoft\WindowsApps;
USERNAME=user
OS=Windows_NT
PROCESSOR_IDENTIFIER=Intel64 Family 6 Model 142 Stepping 9, GenuineIntel



---------------  S Y S T E M  ---------------

OS: Windows 10.0 , 64 bit Build 16299 (10.0.16299.15)

CPU:total 4 (initial active 4) (2 cores per cpu, 2 threads per core) family 6 model 142 stepping 9, cmov, cx8, fxsr, mmx, sse, sse2, sse3, ssse3, sse4.1, sse4.2, popcnt, avx, avx2, aes, clmul, erms, 3dnowpref, lzcnt, ht, tsc, tscinvbit, bmi1, bmi2, adx

Memory: 4k page, physical 4072076k(355076k free), swap 5498508k(5292k free)

vm_info: Java HotSpot(TM) 64-Bit Server VM (25.144-b01) for windows-amd64 JRE (1.8.0_144-b01), built on Jul 21 2017 21:57:33 by "java_re" with MS VC++ 10.0 (VS2010)

time: Mon Jan 22 22:01:43 2018
elapsed time: 7 seconds (0d 0h 0m 7s)

